# Logfile created on 2014-03-01 14:29:10 -0800 by logger.rb/44203
I, [2014-03-01T14:29:10.380201 #39459]  INFO -- : 1:  bundler (1.5.1) from /opt/boxen/rbenv/versions/2.1.0/lib/ruby/gems/2.1.0/specifications/bundler-1.5.1.gemspec
I, [2014-03-01T14:29:11.462582 #39460]  INFO -- : 2:  open_uri_redirections (0.1.4) from /opt/boxen/rbenv/versions/2.1.0/lib/ruby/gems/2.1.0/specifications/open_uri_redirections-0.1.4.gemspec
I, [2014-03-01T15:09:48.358917 #61068]  INFO -- : 3:  bundler (1.5.1) from /opt/boxen/rbenv/versions/2.1.0/lib/ruby/gems/2.1.0/specifications/bundler-1.5.1.gemspec
I, [2014-03-01T15:09:48.360545 #61066]  INFO -- : 1:  open_uri_redirections (0.1.4) from /opt/boxen/rbenv/versions/2.1.0/lib/ruby/gems/2.1.0/specifications/open_uri_redirections-0.1.4.gemspec
I, [2014-03-01T15:09:49.737661 #61067]  INFO -- : 2:  httpclient (2.3.4.1) from /opt/boxen/rbenv/versions/2.1.0/lib/ruby/gems/2.1.0/specifications/httpclient-2.3.4.1.gemspec
I, [2014-03-01T15:25:31.487175 #63007]  INFO -- : 1:  httpclient (2.3.4.1) from /opt/boxen/rbenv/versions/2.1.0/lib/ruby/gems/2.1.0/specifications/httpclient-2.3.4.1.gemspec
I, [2014-03-01T15:25:31.487397 #63009]  INFO -- : 3:  bundler (1.5.1) from /opt/boxen/rbenv/versions/2.1.0/lib/ruby/gems/2.1.0/specifications/bundler-1.5.1.gemspec
I, [2014-03-01T15:25:31.487097 #63006]  INFO -- : 0:  open_uri_redirections (0.1.4) from /opt/boxen/rbenv/versions/2.1.0/lib/ruby/gems/2.1.0/specifications/open_uri_redirections-0.1.4.gemspec
I, [2014-03-01T15:25:50.894126 #63008]  INFO -- : 2:  curb (0.8.5) from /opt/boxen/rbenv/versions/2.1.0/lib/ruby/gems/2.1.0/specifications/curb-0.8.5.gemspec
I, [2014-03-01T17:11:41.261702 #84612]  INFO -- : 3:  httpclient (2.3.4.1) from /opt/boxen/rbenv/versions/2.1.0/lib/ruby/gems/2.1.0/specifications/httpclient-2.3.4.1.gemspec
I, [2014-03-01T17:11:41.261702 #84611]  INFO -- : 2:  curb (0.8.5) from /opt/boxen/rbenv/versions/2.1.0/lib/ruby/gems/2.1.0/specifications/curb-0.8.5.gemspec
I, [2014-03-01T17:11:41.263764 #84611]  INFO -- : 2:  open_uri_redirections (0.1.4) from /opt/boxen/rbenv/versions/2.1.0/lib/ruby/gems/2.1.0/specifications/open_uri_redirections-0.1.4.gemspec
I, [2014-03-01T17:11:41.263833 #84612]  INFO -- : 3:  bundler (1.5.1) from /opt/boxen/rbenv/versions/2.1.0/lib/ruby/gems/2.1.0/specifications/bundler-1.5.1.gemspec
I, [2014-03-01T17:11:42.385335 #84609]  INFO -- : 0:  mime-types (1.25.1) from /opt/boxen/rbenv/versions/2.1.0/lib/ruby/gems/2.1.0/specifications/mime-types-1.25.1.gemspec
I, [2014-03-01T17:11:47.564473 #84610]  INFO -- : 1:  ffi (1.9.3) from /opt/boxen/rbenv/versions/2.1.0/lib/ruby/gems/2.1.0/specifications/ffi-1.9.3.gemspec
I, [2014-03-01T17:11:49.096073 #84612]  INFO -- : 3:  ethon (0.6.3) from /opt/boxen/rbenv/versions/2.1.0/lib/ruby/gems/2.1.0/specifications/ethon-0.6.3.gemspec
I, [2014-03-01T17:11:50.051043 #84611]  INFO -- : 2:  typhoeus (0.6.7) from /opt/boxen/rbenv/versions/2.1.0/lib/ruby/gems/2.1.0/specifications/typhoeus-0.6.7.gemspec
I, [2014-03-01T17:13:41.661548 #85309]  INFO -- : 0:  httpclient (2.3.4.1) from /opt/boxen/rbenv/versions/2.1.0/lib/ruby/gems/2.1.0/specifications/httpclient-2.3.4.1.gemspec
I, [2014-03-01T17:13:41.661680 #85311]  INFO -- : 2:  curb (0.8.5) from /opt/boxen/rbenv/versions/2.1.0/lib/ruby/gems/2.1.0/specifications/curb-0.8.5.gemspec
I, [2014-03-01T17:13:41.661548 #85310]  INFO -- : 1:  ffi (1.9.3) from /opt/boxen/rbenv/versions/2.1.0/lib/ruby/gems/2.1.0/specifications/ffi-1.9.3.gemspec
I, [2014-03-01T17:13:41.662162 #85312]  INFO -- : 3:  mime-types (1.25.1) from /opt/boxen/rbenv/versions/2.1.0/lib/ruby/gems/2.1.0/specifications/mime-types-1.25.1.gemspec
I, [2014-03-01T17:13:41.663339 #85310]  INFO -- : 1:  bundler (1.5.1) from /opt/boxen/rbenv/versions/2.1.0/lib/ruby/gems/2.1.0/specifications/bundler-1.5.1.gemspec
I, [2014-03-01T17:13:41.663316 #85309]  INFO -- : 0:  open_uri_redirections (0.1.4) from /opt/boxen/rbenv/versions/2.1.0/lib/ruby/gems/2.1.0/specifications/open_uri_redirections-0.1.4.gemspec
I, [2014-03-01T17:13:41.663715 #85311]  INFO -- : 2:  ethon (0.6.3) from /opt/boxen/rbenv/versions/2.1.0/lib/ruby/gems/2.1.0/specifications/ethon-0.6.3.gemspec
I, [2014-03-01T17:13:41.664354 #85312]  INFO -- : 3:  typhoeus (0.6.7) from /opt/boxen/rbenv/versions/2.1.0/lib/ruby/gems/2.1.0/specifications/typhoeus-0.6.7.gemspec
